INFO:jonathan_bot:Jonathan bot script started at [2026-01-20 19:37:25.089889]


WARNING:discord.client:PyNaCl is not installed, voice will NOT be supported
INFO:discord.client:logging in using static token
INFO:discord.gateway:Shard ID None has connected to Gateway (Session ID: 67f0d55507c8b26da5859d5c07aef9dd).
INFO:jonathan_bot:Bot connected :
INFO:jonathan_bot:User : [Jonathan Bolbynsky#2119]
INFO:jonathan_bot:ID : [1463098594016886969]
INFO:jonathan_bot:roll triggered by [703959508489207838] at [2026-01-20 19:38:01.277904] arg1 [3] arg2 [4]
INFO:jonathan_bot:Jonathan bot script started at [2026-01-20 19:44:23.664800]


WARNING:discord.client:PyNaCl is not installed, voice will NOT be supported
INFO:discord.client:logging in using static token
INFO:discord.gateway:Shard ID None has connected to Gateway (Session ID: c249764567e1e6b23837bfd42dc428fd).
INFO:jonathan_bot:Bot connected :
INFO:jonathan_bot:User : [Jonathan Bolbynsky#2119]
INFO:jonathan_bot:ID : [1463098594016886969]
ERROR:discord.app_commands.tree:Ignoring exception in command tree
Traceback (most recent call last):
  File "/home/arinone/Projects/JonathanBot/.venv/lib/python3.12/site-packages/discord/app_commands/tree.py", line 1138, in wrapper
    await self._call(interaction)
  File "/home/arinone/Projects/JonathanBot/.venv/lib/python3.12/site-packages/discord/app_commands/tree.py", line 1270, in _call
    command, options = self._get_app_command_options(data)
                       ^^^^^^^^^^^^^^^^^^^^^^^^^^^^^^^^^^^
  File "/home/arinone/Projects/JonathanBot/.venv/lib/python3.12/site-packages/discord/app_commands/tree.py", line 1174, in _get_app_command_options
    raise CommandNotFound(name, parents)
discord.app_commands.errors.CommandNotFound: Application command 'test' not found
INFO:jonathan_bot:dance triggered by [703959508489207838] at [2026-01-20 20:04:28.897542]
INFO:jonathan_bot:Jonathan bot script started at [2026-01-20 21:14:38.867496]


WARNING:discord.client:PyNaCl is not installed, voice will NOT be supported
INFO:discord.client:logging in using static token
INFO:discord.gateway:Shard ID None has connected to Gateway (Session ID: 184e585ae840b8fff6e3ad6ac9642bc3).
INFO:jonathan_bot:Bot connected :
INFO:jonathan_bot:User : [Jonathan Bolbynsky#2119]
INFO:jonathan_bot:ID : [1463098594016886969]
ERROR:discord.ext.commands.bot:Ignoring exception in command tips
Traceback (most recent call last):
  File "/home/arinone/Projects/JonathanBot/.venv/lib/python3.12/site-packages/discord/ext/commands/core.py", line 266, in wrapped
    ret = await coro(*args, **kwargs)
          ^^^^^^^^^^^^^^^^^^^^^^^^^^^
  File "/home/arinone/Projects/JonathanBot/main.py", line 62, in tips
    result = cmdf.tips()
             ^^^^^^^^^^^
  File "/home/arinone/Projects/JonathanBot/commandFunctions.py", line 15, in tips
    rtip1 = tipsList["game"][r.randint(0, len(tipsList["game"]))]
            ~~~~~~~~~~~~~~~~^^^^^^^^^^^^^^^^^^^^^^^^^^^^^^^^^^^^^
IndexError: list index out of range

The above exception was the direct cause of the following exception:

Traceback (most recent call last):
  File "/home/arinone/Projects/JonathanBot/.venv/lib/python3.12/site-packages/discord/ext/commands/bot.py", line 1376, in invoke
    await ctx.command.invoke(ctx)
  File "/home/arinone/Projects/JonathanBot/.venv/lib/python3.12/site-packages/discord/ext/commands/core.py", line 1064, in invoke
    await injected(*ctx.args, **ctx.kwargs)  # type: ignore
    ^^^^^^^^^^^^^^^^^^^^^^^^^^^^^^^^^^^^^^^
  File "/home/arinone/Projects/JonathanBot/.venv/lib/python3.12/site-packages/discord/ext/commands/core.py", line 275, in wrapped
    raise CommandInvokeError(exc) from exc
discord.ext.commands.errors.CommandInvokeError: Command raised an exception: IndexError: list index out of range
ERROR:discord.ext.commands.bot:Ignoring exception in command None
discord.ext.commands.errors.CommandNotFound: Command "tip" is not found
INFO:jonathan_bot:Jonathan bot script started at [2026-01-20 21:18:02.994477]


WARNING:discord.client:PyNaCl is not installed, voice will NOT be supported
INFO:discord.client:logging in using static token
INFO:discord.gateway:Shard ID None has connected to Gateway (Session ID: 611e45ea4104c367edd760a65fcac8fb).
INFO:jonathan_bot:Bot connected :
INFO:jonathan_bot:User : [Jonathan Bolbynsky#2119]
INFO:jonathan_bot:ID : [1463098594016886969]
INFO:jonathan_bot:Jonathan bot script started at [2026-01-20 21:19:21.185556]


WARNING:discord.client:PyNaCl is not installed, voice will NOT be supported
INFO:discord.client:logging in using static token
INFO:discord.gateway:Shard ID None has connected to Gateway (Session ID: 562c69c97806bfb1ddd116ab2a35a48a).
INFO:jonathan_bot:Bot connected :
INFO:jonathan_bot:User : [Jonathan Bolbynsky#2119]
INFO:jonathan_bot:ID : [1463098594016886969]
INFO:jonathan_bot:Jonathan bot script started at [2026-01-20 21:22:25.563140]


WARNING:discord.client:PyNaCl is not installed, voice will NOT be supported
INFO:discord.client:logging in using static token
INFO:discord.gateway:Shard ID None has connected to Gateway (Session ID: 68e23316f08e9c3d5923812e51c9d66e).
INFO:jonathan_bot:Bot connected :
INFO:jonathan_bot:User : [Jonathan Bolbynsky#2119]
INFO:jonathan_bot:ID : [1463098594016886969]
ERROR:discord.ext.commands.bot:Ignoring exception in command None
discord.ext.commands.errors.CommandNotFound: Command "tipqs" is not found
ERROR:discord.ext.commands.bot:Ignoring exception in command tips
Traceback (most recent call last):
  File "/home/arinone/Projects/JonathanBot/.venv/lib/python3.12/site-packages/discord/ext/commands/core.py", line 266, in wrapped
    ret = await coro(*args, **kwargs)
          ^^^^^^^^^^^^^^^^^^^^^^^^^^^
  File "/home/arinone/Projects/JonathanBot/main.py", line 62, in tips
    result = cmdf.tips()
             ^^^^^^^^^^^
  File "/home/arinone/Projects/JonathanBot/commandFunctions.py", line 16, in tips
    rtip2 = tipsList["real"][r.randint(0, len(tipsList["real"]))]
            ~~~~~~~~~~~~~~~~^^^^^^^^^^^^^^^^^^^^^^^^^^^^^^^^^^^^^
IndexError: list index out of range

The above exception was the direct cause of the following exception:

Traceback (most recent call last):
  File "/home/arinone/Projects/JonathanBot/.venv/lib/python3.12/site-packages/discord/ext/commands/bot.py", line 1376, in invoke
    await ctx.command.invoke(ctx)
  File "/home/arinone/Projects/JonathanBot/.venv/lib/python3.12/site-packages/discord/ext/commands/core.py", line 1064, in invoke
    await injected(*ctx.args, **ctx.kwargs)  # type: ignore
    ^^^^^^^^^^^^^^^^^^^^^^^^^^^^^^^^^^^^^^^
  File "/home/arinone/Projects/JonathanBot/.venv/lib/python3.12/site-packages/discord/ext/commands/core.py", line 275, in wrapped
    raise CommandInvokeError(exc) from exc
discord.ext.commands.errors.CommandInvokeError: Command raised an exception: IndexError: list index out of range
INFO:jonathan_bot:Jonathan bot script started at [2026-01-20 21:24:49.368245]


WARNING:discord.client:PyNaCl is not installed, voice will NOT be supported
INFO:discord.client:logging in using static token
INFO:discord.gateway:Shard ID None has connected to Gateway (Session ID: 1159a4fd74509c4ffd7f8a8050f4f3c2).
INFO:jonathan_bot:Bot connected :
INFO:jonathan_bot:User : [Jonathan Bolbynsky#2119]
INFO:jonathan_bot:ID : [1463098594016886969]
ERROR:discord.ext.commands.bot:Ignoring exception in command tips
Traceback (most recent call last):
  File "/home/arinone/Projects/JonathanBot/.venv/lib/python3.12/site-packages/discord/ext/commands/core.py", line 266, in wrapped
    ret = await coro(*args, **kwargs)
          ^^^^^^^^^^^^^^^^^^^^^^^^^^^
  File "/home/arinone/Projects/JonathanBot/main.py", line 62, in tips
    result = cmdf.tips()
             ^^^^^^^^^^^
  File "/home/arinone/Projects/JonathanBot/commandFunctions.py", line 15, in tips
    rtip1 = tipsList["game"][r.randint(0, len(tipsList["game"] - 1))]
                                              ~~~~~~~~~~~~~~~~~^~~
TypeError: unsupported operand type(s) for -: 'list' and 'int'

The above exception was the direct cause of the following exception:

Traceback (most recent call last):
  File "/home/arinone/Projects/JonathanBot/.venv/lib/python3.12/site-packages/discord/ext/commands/bot.py", line 1376, in invoke
    await ctx.command.invoke(ctx)
  File "/home/arinone/Projects/JonathanBot/.venv/lib/python3.12/site-packages/discord/ext/commands/core.py", line 1064, in invoke
    await injected(*ctx.args, **ctx.kwargs)  # type: ignore
    ^^^^^^^^^^^^^^^^^^^^^^^^^^^^^^^^^^^^^^^
  File "/home/arinone/Projects/JonathanBot/.venv/lib/python3.12/site-packages/discord/ext/commands/core.py", line 275, in wrapped
    raise CommandInvokeError(exc) from exc
discord.ext.commands.errors.CommandInvokeError: Command raised an exception: TypeError: unsupported operand type(s) for -: 'list' and 'int'
INFO:jonathan_bot:Jonathan bot script started at [2026-01-20 21:28:30.389943]


WARNING:discord.client:PyNaCl is not installed, voice will NOT be supported
INFO:discord.client:logging in using static token
INFO:discord.gateway:Shard ID None has connected to Gateway (Session ID: 5dd38e0b21434570c111e81fbcfedf24).
INFO:jonathan_bot:Bot connected :
INFO:jonathan_bot:User : [Jonathan Bolbynsky#2119]
INFO:jonathan_bot:ID : [1463098594016886969]
INFO:jonathan_bot:token triggered by [703959508489207838] at [2026-01-20 21:30:10.657505]
INFO:jonathan_bot:Jonathan bot script started at [2026-01-21 08:52:17.393506]


WARNING:discord.client:PyNaCl is not installed, voice will NOT be supported
INFO:discord.client:logging in using static token
INFO:discord.gateway:Shard ID None has connected to Gateway (Session ID: a74e9a92bfe381a319bcb309b2cfb9b3).
INFO:jonathan_bot:Bot connected :
INFO:jonathan_bot:User : [Jonathan Bolbynsky#2119]
INFO:jonathan_bot:ID : [1463098594016886969]
ERROR:discord.ext.commands.bot:Ignoring exception in command None
discord.ext.commands.errors.CommandNotFound: Command "embed" is not found
ERROR:discord.ext.commands.bot:Ignoring exception in command embedtest
Traceback (most recent call last):
  File "/home/arinone/Projects/JonathanBot/.venv/lib/python3.13/site-packages/discord/ext/commands/core.py", line 266, in wrapped
    ret = await coro(*args, **kwargs)
          ^^^^^^^^^^^^^^^^^^^^^^^^^^^
  File "/home/arinone/Projects/JonathanBot/main.py", line 74, in embedtest
    await ctx.send(embed=Embed(color=Color.from_rgb(255, 255, 0), title="Embed test", description="A test embed, with a cute eevee pic there", url=File("./media/eeveegun.jpg")))
  File "/home/arinone/Projects/JonathanBot/.venv/lib/python3.13/site-packages/discord/ext/commands/context.py", line 1102, in send
    return await super().send(
           ^^^^^^^^^^^^^^^^^^^
    ...<16 lines>...
    )  # type: ignore # The overloads don't support Optional but the implementation does
    ^
  File "/home/arinone/Projects/JonathanBot/.venv/lib/python3.13/site-packages/discord/abc.py", line 1703, in send
    data = await state.http.send_message(channel.id, params=params)
           ^^^^^^^^^^^^^^^^^^^^^^^^^^^^^^^^^^^^^^^^^^^^^^^^^^^^^^^^
  File "/home/arinone/Projects/JonathanBot/.venv/lib/python3.13/site-packages/discord/http.py", line 773, in request
    raise HTTPException(response, data)
discord.errors.HTTPException: 400 Bad Request (error code: 50035): Invalid Form Body
In embeds.0.url: Scheme "<discord.file.file object at 0x7ff1afe38580>" is not supported. Scheme must be one of ('http', 'https'). Not a well formed URL.

The above exception was the direct cause of the following exception:

Traceback (most recent call last):
  File "/home/arinone/Projects/JonathanBot/.venv/lib/python3.13/site-packages/discord/ext/commands/bot.py", line 1376, in invoke
    await ctx.command.invoke(ctx)
  File "/home/arinone/Projects/JonathanBot/.venv/lib/python3.13/site-packages/discord/ext/commands/core.py", line 1064, in invoke
    await injected(*ctx.args, **ctx.kwargs)  # type: ignore
    ^^^^^^^^^^^^^^^^^^^^^^^^^^^^^^^^^^^^^^^
  File "/home/arinone/Projects/JonathanBot/.venv/lib/python3.13/site-packages/discord/ext/commands/core.py", line 275, in wrapped
    raise CommandInvokeError(exc) from exc
discord.ext.commands.errors.CommandInvokeError: Command raised an exception: HTTPException: 400 Bad Request (error code: 50035): Invalid Form Body
In embeds.0.url: Scheme "<discord.file.file object at 0x7ff1afe38580>" is not supported. Scheme must be one of ('http', 'https'). Not a well formed URL.
INFO:jonathan_bot:Jonathan bot script started at [2026-01-21 08:56:41.040550]


WARNING:discord.client:PyNaCl is not installed, voice will NOT be supported
INFO:jonathan_bot:Jonathan bot script started at [2026-01-21 09:15:44.756209]


WARNING:discord.client:PyNaCl is not installed, voice will NOT be supported
INFO:discord.client:logging in using static token
INFO:discord.gateway:Shard ID None has connected to Gateway (Session ID: cbc225ecebb6ffa8d70b1cce13b81ff3).
INFO:jonathan_bot:Bot connected :
INFO:jonathan_bot:User : [Jonathan Bolbynsky#2119]
INFO:jonathan_bot:ID : [1463098594016886969]
INFO:jonathan_bot:Jonathan bot script started at [2026-01-21 09:19:45.098906]


WARNING:discord.client:PyNaCl is not installed, voice will NOT be supported
INFO:discord.client:logging in using static token
INFO:discord.gateway:Shard ID None has connected to Gateway (Session ID: 748c65c340b7dfd5f72799996d2c9c97).
INFO:jonathan_bot:Bot connected :
INFO:jonathan_bot:User : [Jonathan Bolbynsky#2119]
INFO:jonathan_bot:ID : [1463098594016886969]
INFO:jonathan_bot:Jonathan bot script started at [2026-01-21 09:24:01.562796]


WARNING:discord.client:PyNaCl is not installed, voice will NOT be supported
INFO:discord.client:logging in using static token
INFO:discord.gateway:Shard ID None has connected to Gateway (Session ID: 9339d0475caa118907e71dccb82fcf19).
INFO:jonathan_bot:Bot connected :
INFO:jonathan_bot:User : [Jonathan Bolbynsky#2119]
INFO:jonathan_bot:ID : [1463098594016886969]
ERROR:discord.ext.commands.bot:Ignoring exception in command embedtest
Traceback (most recent call last):
  File "/home/arinone/Projects/JonathanBot/.venv/lib/python3.13/site-packages/discord/ext/commands/core.py", line 266, in wrapped
    ret = await coro(*args, **kwargs)
          ^^^^^^^^^^^^^^^^^^^^^^^^^^^
  File "/home/arinone/Projects/JonathanBot/main.py", line 75, in embedtest
    emb.set_image("https://external-content.duckduckgo.com/iu/?u=https%3A%2F%2Fstatic0.gamerantimages.com%2Fwordpress%2Fwp-content%2Fuploads%2F2025%2F02%2Fpokemon-eevee-standard-shiny.jpg&f=1&nofb=1&ipt=37238d99e1282e95d67e98b6e965908e2de51bf865fa704ec900b111ab48f553")
    ~~~~~~~~~~~~~^^^^^^^^^^^^^^^^^^^^^^^^^^^^^^^^^^^^^^^^^^^^^^^^^^^^^^^^^^^^^^^^^^^^^^^^^^^^^^^^^^^^^^^^^^^^^^^^^^^^^^^^^^^^^^^^^^^^^^^^^^^^^^^^^^^^^^^^^^^^^^^^^^^^^^^^^^^^^^^^^^^^^^^^^^^^^^^^^^^^^^^^^^^^^^^^^^^^^^^^^^^^^^^^^^^^^^^^^^^^^^^^^^^^^^^^^^^^^^^^^^^^^^^^^^^^
TypeError: Embed.set_image() takes 1 positional argument but 2 were given

The above exception was the direct cause of the following exception:

Traceback (most recent call last):
  File "/home/arinone/Projects/JonathanBot/.venv/lib/python3.13/site-packages/discord/ext/commands/bot.py", line 1376, in invoke
    await ctx.command.invoke(ctx)
  File "/home/arinone/Projects/JonathanBot/.venv/lib/python3.13/site-packages/discord/ext/commands/core.py", line 1064, in invoke
    await injected(*ctx.args, **ctx.kwargs)  # type: ignore
    ^^^^^^^^^^^^^^^^^^^^^^^^^^^^^^^^^^^^^^^
  File "/home/arinone/Projects/JonathanBot/.venv/lib/python3.13/site-packages/discord/ext/commands/core.py", line 275, in wrapped
    raise CommandInvokeError(exc) from exc
discord.ext.commands.errors.CommandInvokeError: Command raised an exception: TypeError: Embed.set_image() takes 1 positional argument but 2 were given
INFO:jonathan_bot:Jonathan bot script started at [2026-01-21 09:26:35.412759]


WARNING:discord.client:PyNaCl is not installed, voice will NOT be supported
INFO:discord.client:logging in using static token
INFO:discord.gateway:Shard ID None has connected to Gateway (Session ID: 20d03163f54fff6a76aad7cf66bd66eb).
INFO:jonathan_bot:Bot connected :
INFO:jonathan_bot:User : [Jonathan Bolbynsky#2119]
INFO:jonathan_bot:ID : [1463098594016886969]
INFO:jonathan_bot:Jonathan bot script started at [2026-01-21 15:44:37.237752]


WARNING:discord.client:PyNaCl is not installed, voice will NOT be supported
INFO:discord.client:logging in using static token
INFO:discord.gateway:Shard ID None has connected to Gateway (Session ID: 0bd30f6d8dd0b1f450113218c59010cd).
INFO:jonathan_bot:Bot connected :
INFO:jonathan_bot:User : [Jonathan Bolbynsky#2119]
INFO:jonathan_bot:ID : [1463098594016886969]
ERROR:discord.app_commands.tree:Ignoring exception in command tree
Traceback (most recent call last):
  File "/home/arinone/Projects/JonathanBot/.venv/lib/python3.13/site-packages/discord/app_commands/tree.py", line 1138, in wrapper
    await self._call(interaction)
  File "/home/arinone/Projects/JonathanBot/.venv/lib/python3.13/site-packages/discord/app_commands/tree.py", line 1270, in _call
    command, options = self._get_app_command_options(data)
                       ~~~~~~~~~~~~~~~~~~~~~~~~~~~~~^^^^^^
  File "/home/arinone/Projects/JonathanBot/.venv/lib/python3.13/site-packages/discord/app_commands/tree.py", line 1174, in _get_app_command_options
    raise CommandNotFound(name, parents)
discord.app_commands.errors.CommandNotFound: Application command 'test' not found
ERROR:discord.app_commands.tree:Ignoring exception in command tree
Traceback (most recent call last):
  File "/home/arinone/Projects/JonathanBot/.venv/lib/python3.13/site-packages/discord/app_commands/tree.py", line 1138, in wrapper
    await self._call(interaction)
  File "/home/arinone/Projects/JonathanBot/.venv/lib/python3.13/site-packages/discord/app_commands/tree.py", line 1270, in _call
    command, options = self._get_app_command_options(data)
                       ~~~~~~~~~~~~~~~~~~~~~~~~~~~~~^^^^^^
  File "/home/arinone/Projects/JonathanBot/.venv/lib/python3.13/site-packages/discord/app_commands/tree.py", line 1174, in _get_app_command_options
    raise CommandNotFound(name, parents)
discord.app_commands.errors.CommandNotFound: Application command 'challenge' not found
INFO:jonathan_bot:Jonathan bot script started at [2026-01-21 21:27:20.531770]


WARNING:discord.client:PyNaCl is not installed, voice will NOT be supported
INFO:discord.client:logging in using static token
INFO:discord.gateway:Shard ID None has connected to Gateway (Session ID: 47c069ad7176da0b8039440cf8d2f570).
INFO:jonathan_bot:Bot connected :
INFO:jonathan_bot:User : [Jonathan Bolbynsky#2119]
INFO:jonathan_bot:ID : [1463098594016886969]
ERROR:discord.ext.commands.bot:Ignoring exception in command coolness
Traceback (most recent call last):
  File "/home/arinone/Projects/JonathanBot/.venv/lib/python3.12/site-packages/discord/ext/commands/bot.py", line 1376, in invoke
    await ctx.command.invoke(ctx)
  File "/home/arinone/Projects/JonathanBot/.venv/lib/python3.12/site-packages/discord/ext/commands/core.py", line 1056, in invoke
    await self.prepare(ctx)
  File "/home/arinone/Projects/JonathanBot/.venv/lib/python3.12/site-packages/discord/ext/commands/core.py", line 973, in prepare
    await self._parse_arguments(ctx)
  File "/home/arinone/Projects/JonathanBot/.venv/lib/python3.12/site-packages/discord/ext/commands/core.py", line 880, in _parse_arguments
    transformed = await self.transform(ctx, param, attachments)
                  ^^^^^^^^^^^^^^^^^^^^^^^^^^^^^^^^^^^^^^^^^^^^^
  File "/home/arinone/Projects/JonathanBot/.venv/lib/python3.12/site-packages/discord/ext/commands/core.py", line 732, in transform
    raise MissingRequiredArgument(param)
discord.ext.commands.errors.MissingRequiredArgument: user is a required argument that is missing.
ERROR:discord.ext.commands.bot:Ignoring exception in command coolness
Traceback (most recent call last):
  File "/home/arinone/Projects/JonathanBot/.venv/lib/python3.12/site-packages/discord/ext/commands/bot.py", line 1376, in invoke
    await ctx.command.invoke(ctx)
  File "/home/arinone/Projects/JonathanBot/.venv/lib/python3.12/site-packages/discord/ext/commands/core.py", line 1056, in invoke
    await self.prepare(ctx)
  File "/home/arinone/Projects/JonathanBot/.venv/lib/python3.12/site-packages/discord/ext/commands/core.py", line 973, in prepare
    await self._parse_arguments(ctx)
  File "/home/arinone/Projects/JonathanBot/.venv/lib/python3.12/site-packages/discord/ext/commands/core.py", line 880, in _parse_arguments
    transformed = await self.transform(ctx, param, attachments)
                  ^^^^^^^^^^^^^^^^^^^^^^^^^^^^^^^^^^^^^^^^^^^^^
  File "/home/arinone/Projects/JonathanBot/.venv/lib/python3.12/site-packages/discord/ext/commands/core.py", line 732, in transform
    raise MissingRequiredArgument(param)
discord.ext.commands.errors.MissingRequiredArgument: user is a required argument that is missing.
INFO:jonathan_bot:Jonathan bot script started at [2026-01-21 21:30:06.134597]


WARNING:discord.client:PyNaCl is not installed, voice will NOT be supported
INFO:discord.client:logging in using static token
INFO:discord.gateway:Shard ID None has connected to Gateway (Session ID: 5d2c46c5672f8f922805ffb88dd91930).
INFO:jonathan_bot:Bot connected :
INFO:jonathan_bot:User : [Jonathan Bolbynsky#2119]
INFO:jonathan_bot:ID : [1463098594016886969]
INFO:jonathan_bot:Jonathan bot script started at [2026-01-21 21:31:47.800534]


WARNING:discord.client:PyNaCl is not installed, voice will NOT be supported
INFO:discord.client:logging in using static token
INFO:discord.gateway:Shard ID None has connected to Gateway (Session ID: e71ff79821579309b5e97a537219fb42).
INFO:jonathan_bot:Bot connected :
INFO:jonathan_bot:User : [Jonathan Bolbynsky#2119]
INFO:jonathan_bot:ID : [1463098594016886969]
INFO:jonathan_bot:Jonathan bot script started at [2026-01-21 21:34:59.516811]


WARNING:discord.client:PyNaCl is not installed, voice will NOT be supported
INFO:discord.client:logging in using static token
INFO:discord.gateway:Shard ID None has connected to Gateway (Session ID: f19a76d64b66afab44f69a20c442e63d).
INFO:jonathan_bot:Bot connected :
INFO:jonathan_bot:User : [Jonathan Bolbynsky#2119]
INFO:jonathan_bot:ID : [1463098594016886969]
INFO:jonathan_bot:Jonathan bot script started at [2026-01-21 21:40:43.191605]


WARNING:discord.client:PyNaCl is not installed, voice will NOT be supported
INFO:discord.client:logging in using static token
INFO:discord.gateway:Shard ID None has connected to Gateway (Session ID: 55531febb1cbc913da446c4c16e6a5ce).
INFO:jonathan_bot:Bot connected :
INFO:jonathan_bot:User : [Jonathan Bolbynsky#2119]
INFO:jonathan_bot:ID : [1463098594016886969]
ERROR:discord.app_commands.tree:Ignoring exception in command tree
Traceback (most recent call last):
  File "/home/arinone/Projects/JonathanBot/.venv/lib/python3.12/site-packages/discord/app_commands/tree.py", line 1138, in wrapper
    await self._call(interaction)
  File "/home/arinone/Projects/JonathanBot/.venv/lib/python3.12/site-packages/discord/app_commands/tree.py", line 1270, in _call
    command, options = self._get_app_command_options(data)
                       ^^^^^^^^^^^^^^^^^^^^^^^^^^^^^^^^^^^
  File "/home/arinone/Projects/JonathanBot/.venv/lib/python3.12/site-packages/discord/app_commands/tree.py", line 1174, in _get_app_command_options
    raise CommandNotFound(name, parents)
discord.app_commands.errors.CommandNotFound: Application command 'challenge' not found
INFO:jonathan_bot:Jonathan bot script started at [2026-01-21 22:18:21.362898]


WARNING:discord.client:PyNaCl is not installed, voice will NOT be supported
INFO:discord.client:logging in using static token
INFO:discord.gateway:Shard ID None has connected to Gateway (Session ID: 77fdf287d5f06125b3d954274e008fd2).
INFO:jonathan_bot:Bot connected :
INFO:jonathan_bot:User : [Jonathan Bolbynsky#2119]
INFO:jonathan_bot:ID : [1463098594016886969]
INFO:jonathan_bot:Jonathan bot script started at [2026-01-21 23:13:11.353112]


WARNING:discord.client:PyNaCl is not installed, voice will NOT be supported
INFO:discord.client:logging in using static token
INFO:discord.gateway:Shard ID None has connected to Gateway (Session ID: 61b8670eb447b3838523da17536c8267).
INFO:jonathan_bot:Bot connected :
INFO:jonathan_bot:User : [Jonathan Bolbynsky#2119]
INFO:jonathan_bot:ID : [1463098594016886969]
ERROR:asyncio:Task exception was never retrieved
future: <Task finished name='discord.py: on_message' coro=<Client._run_event() done, defined at /home/arinone/Projects/JonathanBot/.venv/lib/python3.12/site-packages/discord/client.py:496> exception=SystemExit(None)>
Traceback (most recent call last):
  File "/home/arinone/Projects/JonathanBot/main.py", line 97, in <module>
    bot.run(getenv("DISCORD_TOKEN"))
  File "/home/arinone/Projects/JonathanBot/.venv/lib/python3.12/site-packages/discord/client.py", line 929, in run
    asyncio.run(runner())
  File "/usr/lib/python3.12/asyncio/runners.py", line 194, in run
    return runner.run(main)
           ^^^^^^^^^^^^^^^^
  File "/usr/lib/python3.12/asyncio/runners.py", line 118, in run
    return self._loop.run_until_complete(task)
           ^^^^^^^^^^^^^^^^^^^^^^^^^^^^^^^^^^^
  File "/usr/lib/python3.12/asyncio/base_events.py", line 674, in run_until_complete
    self.run_forever()
  File "/usr/lib/python3.12/asyncio/base_events.py", line 641, in run_forever
    self._run_once()
  File "/usr/lib/python3.12/asyncio/base_events.py", line 1987, in _run_once
    handle._run()
  File "/usr/lib/python3.12/asyncio/events.py", line 88, in _run
    self._context.run(self._callback, *self._args)
  File "/home/arinone/Projects/JonathanBot/.venv/lib/python3.12/site-packages/discord/client.py", line 504, in _run_event
    await coro(*args, **kwargs)
  File "/home/arinone/Projects/JonathanBot/.venv/lib/python3.12/site-packages/discord/ext/commands/bot.py", line 1421, in on_message
    await self.process_commands(message)
  File "/home/arinone/Projects/JonathanBot/.venv/lib/python3.12/site-packages/discord/ext/commands/bot.py", line 1418, in process_commands
    await self.invoke(ctx)  # type: ignore
    ^^^^^^^^^^^^^^^^^^^^^^
  File "/home/arinone/Projects/JonathanBot/.venv/lib/python3.12/site-packages/discord/ext/commands/bot.py", line 1376, in invoke
    await ctx.command.invoke(ctx)
  File "/home/arinone/Projects/JonathanBot/.venv/lib/python3.12/site-packages/discord/ext/commands/core.py", line 1064, in invoke
    await injected(*ctx.args, **ctx.kwargs)  # type: ignore
    ^^^^^^^^^^^^^^^^^^^^^^^^^^^^^^^^^^^^^^^
  File "/home/arinone/Projects/JonathanBot/.venv/lib/python3.12/site-packages/discord/ext/commands/core.py", line 266, in wrapped
    ret = await coro(*args, **kwargs)
          ^^^^^^^^^^^^^^^^^^^^^^^^^^^
  File "/home/arinone/Projects/JonathanBot/main.py", line 92, in goodnight
    exit()
  File "<frozen _sitebuiltins>", line 26, in __call__
SystemExit: None
INFO:jonathan_bot:Jonathan bot script started at [2026-01-21 23:30:37.322310]


WARNING:discord.client:PyNaCl is not installed, voice will NOT be supported
INFO:discord.client:logging in using static token
INFO:discord.gateway:Shard ID None has connected to Gateway (Session ID: a751d12a42665186140a6774812df38e).
INFO:jonathan_bot:Bot connected :
INFO:jonathan_bot:User : [Jonathan Bolbynsky#2119]
INFO:jonathan_bot:ID : [1463098594016886969]
INFO:jonathan_bot:Jonathan bot script started at [2026-01-21 23:31:24.204717]


WARNING:discord.client:PyNaCl is not installed, voice will NOT be supported
INFO:discord.client:logging in using static token
INFO:discord.gateway:Shard ID None has connected to Gateway (Session ID: 4c5b4011ff20f8dc16018d1248867139).
INFO:jonathan_bot:Bot connected :
INFO:jonathan_bot:User : [Jonathan Bolbynsky#2119]
INFO:jonathan_bot:ID : [1463098594016886969]
INFO:jonathan_bot:technical triggered by [703959508489207838] at [2026-01-21 23:31:51.101437]
ERROR:discord.ext.commands.bot:Ignoring exception in command None
discord.ext.commands.errors.CommandNotFound: Command "restart" is not found
INFO:jonathan_bot:technical triggered by [703959508489207838] at [2026-01-21 23:32:09.998296]
ERROR:discord.ext.commands.bot:Ignoring exception in command technical restart
Traceback (most recent call last):
  File "/home/arinone/Projects/JonathanBot/.venv/lib/python3.12/site-packages/discord/ext/commands/core.py", line 266, in wrapped
    ret = await coro(*args, **kwargs)
          ^^^^^^^^^^^^^^^^^^^^^^^^^^^
  File "/home/arinone/Projects/JonathanBot/main.py", line 115, in restart
    os.execv("main.py", [])
ValueError: execv() arg 2 must not be empty

The above exception was the direct cause of the following exception:

Traceback (most recent call last):
  File "/home/arinone/Projects/JonathanBot/.venv/lib/python3.12/site-packages/discord/ext/commands/bot.py", line 1376, in invoke
    await ctx.command.invoke(ctx)
  File "/home/arinone/Projects/JonathanBot/.venv/lib/python3.12/site-packages/discord/ext/commands/core.py", line 1680, in invoke
    await ctx.invoked_subcommand.invoke(ctx)
  File "/home/arinone/Projects/JonathanBot/.venv/lib/python3.12/site-packages/discord/ext/commands/core.py", line 1064, in invoke
    await injected(*ctx.args, **ctx.kwargs)  # type: ignore
    ^^^^^^^^^^^^^^^^^^^^^^^^^^^^^^^^^^^^^^^
  File "/home/arinone/Projects/JonathanBot/.venv/lib/python3.12/site-packages/discord/ext/commands/core.py", line 275, in wrapped
    raise CommandInvokeError(exc) from exc
discord.ext.commands.errors.CommandInvokeError: Command raised an exception: ValueError: execv() arg 2 must not be empty
INFO:jonathan_bot:technical triggered by [703959508489207838] at [2026-01-21 23:33:31.867467]
ERROR:discord.ext.commands.bot:Ignoring exception in command technical restart
Traceback (most recent call last):
  File "/home/arinone/Projects/JonathanBot/.venv/lib/python3.12/site-packages/discord/ext/commands/core.py", line 266, in wrapped
    ret = await coro(*args, **kwargs)
          ^^^^^^^^^^^^^^^^^^^^^^^^^^^
  File "/home/arinone/Projects/JonathanBot/main.py", line 115, in restart
    os.execv("main.py", [])
ValueError: execv() arg 2 must not be empty

The above exception was the direct cause of the following exception:

Traceback (most recent call last):
  File "/home/arinone/Projects/JonathanBot/.venv/lib/python3.12/site-packages/discord/ext/commands/bot.py", line 1376, in invoke
    await ctx.command.invoke(ctx)
  File "/home/arinone/Projects/JonathanBot/.venv/lib/python3.12/site-packages/discord/ext/commands/core.py", line 1680, in invoke
    await ctx.invoked_subcommand.invoke(ctx)
  File "/home/arinone/Projects/JonathanBot/.venv/lib/python3.12/site-packages/discord/ext/commands/core.py", line 1064, in invoke
    await injected(*ctx.args, **ctx.kwargs)  # type: ignore
    ^^^^^^^^^^^^^^^^^^^^^^^^^^^^^^^^^^^^^^^
  File "/home/arinone/Projects/JonathanBot/.venv/lib/python3.12/site-packages/discord/ext/commands/core.py", line 275, in wrapped
    raise CommandInvokeError(exc) from exc
discord.ext.commands.errors.CommandInvokeError: Command raised an exception: ValueError: execv() arg 2 must not be empty
ERROR:discord.ext.commands.bot:Ignoring exception in command None
discord.ext.commands.errors.CommandNotFound: Command "t" is not found
INFO:jonathan_bot:technical triggered by [703959508489207838] at [2026-01-21 23:34:00.857078]
ERROR:discord.ext.commands.bot:Ignoring exception in command technical restart
Traceback (most recent call last):
  File "/home/arinone/Projects/JonathanBot/.venv/lib/python3.12/site-packages/discord/ext/commands/core.py", line 266, in wrapped
    ret = await coro(*args, **kwargs)
          ^^^^^^^^^^^^^^^^^^^^^^^^^^^
  File "/home/arinone/Projects/JonathanBot/main.py", line 115, in restart
    os.execv("main.py", [])
ValueError: execv() arg 2 must not be empty

The above exception was the direct cause of the following exception:

Traceback (most recent call last):
  File "/home/arinone/Projects/JonathanBot/.venv/lib/python3.12/site-packages/discord/ext/commands/bot.py", line 1376, in invoke
    await ctx.command.invoke(ctx)
  File "/home/arinone/Projects/JonathanBot/.venv/lib/python3.12/site-packages/discord/ext/commands/core.py", line 1680, in invoke
    await ctx.invoked_subcommand.invoke(ctx)
  File "/home/arinone/Projects/JonathanBot/.venv/lib/python3.12/site-packages/discord/ext/commands/core.py", line 1064, in invoke
    await injected(*ctx.args, **ctx.kwargs)  # type: ignore
    ^^^^^^^^^^^^^^^^^^^^^^^^^^^^^^^^^^^^^^^
  File "/home/arinone/Projects/JonathanBot/.venv/lib/python3.12/site-packages/discord/ext/commands/core.py", line 275, in wrapped
    raise CommandInvokeError(exc) from exc
discord.ext.commands.errors.CommandInvokeError: Command raised an exception: ValueError: execv() arg 2 must not be empty
INFO:jonathan_bot:Jonathan bot script started at [2026-01-21 23:34:50.428967]


WARNING:discord.client:PyNaCl is not installed, voice will NOT be supported
INFO:discord.client:logging in using static token
INFO:discord.gateway:Shard ID None has connected to Gateway (Session ID: 008a8160fbf00b324a01204c50d5dd32).
INFO:jonathan_bot:Bot connected :
INFO:jonathan_bot:User : [Jonathan Bolbynsky#2119]
INFO:jonathan_bot:ID : [1463098594016886969]
INFO:jonathan_bot:technical triggered by [703959508489207838] at [2026-01-21 23:35:00.989420]
ERROR:discord.ext.commands.bot:Ignoring exception in command technical restart
Traceback (most recent call last):
  File "/home/arinone/Projects/JonathanBot/.venv/lib/python3.12/site-packages/discord/ext/commands/core.py", line 266, in wrapped
    ret = await coro(*args, **kwargs)
          ^^^^^^^^^^^^^^^^^^^^^^^^^^^
  File "/home/arinone/Projects/JonathanBot/main.py", line 115, in restart
    os.execv("./main.py", [""])
ValueError: execv() arg 2 first element cannot be empty

The above exception was the direct cause of the following exception:

Traceback (most recent call last):
  File "/home/arinone/Projects/JonathanBot/.venv/lib/python3.12/site-packages/discord/ext/commands/bot.py", line 1376, in invoke
    await ctx.command.invoke(ctx)
  File "/home/arinone/Projects/JonathanBot/.venv/lib/python3.12/site-packages/discord/ext/commands/core.py", line 1680, in invoke
    await ctx.invoked_subcommand.invoke(ctx)
  File "/home/arinone/Projects/JonathanBot/.venv/lib/python3.12/site-packages/discord/ext/commands/core.py", line 1064, in invoke
    await injected(*ctx.args, **ctx.kwargs)  # type: ignore
    ^^^^^^^^^^^^^^^^^^^^^^^^^^^^^^^^^^^^^^^
  File "/home/arinone/Projects/JonathanBot/.venv/lib/python3.12/site-packages/discord/ext/commands/core.py", line 275, in wrapped
    raise CommandInvokeError(exc) from exc
discord.ext.commands.errors.CommandInvokeError: Command raised an exception: ValueError: execv() arg 2 first element cannot be empty
INFO:jonathan_bot:technical triggered by [703959508489207838] at [2026-01-21 23:35:33.968707]
ERROR:discord.ext.commands.bot:Ignoring exception in command technical restart
Traceback (most recent call last):
  File "/home/arinone/Projects/JonathanBot/.venv/lib/python3.12/site-packages/discord/ext/commands/core.py", line 266, in wrapped
    ret = await coro(*args, **kwargs)
          ^^^^^^^^^^^^^^^^^^^^^^^^^^^
  File "/home/arinone/Projects/JonathanBot/main.py", line 115, in restart
    os.execv("./main.py", [""])
ValueError: execv() arg 2 first element cannot be empty

The above exception was the direct cause of the following exception:

Traceback (most recent call last):
  File "/home/arinone/Projects/JonathanBot/.venv/lib/python3.12/site-packages/discord/ext/commands/bot.py", line 1376, in invoke
    await ctx.command.invoke(ctx)
  File "/home/arinone/Projects/JonathanBot/.venv/lib/python3.12/site-packages/discord/ext/commands/core.py", line 1680, in invoke
    await ctx.invoked_subcommand.invoke(ctx)
  File "/home/arinone/Projects/JonathanBot/.venv/lib/python3.12/site-packages/discord/ext/commands/core.py", line 1064, in invoke
    await injected(*ctx.args, **ctx.kwargs)  # type: ignore
    ^^^^^^^^^^^^^^^^^^^^^^^^^^^^^^^^^^^^^^^
  File "/home/arinone/Projects/JonathanBot/.venv/lib/python3.12/site-packages/discord/ext/commands/core.py", line 275, in wrapped
    raise CommandInvokeError(exc) from exc
discord.ext.commands.errors.CommandInvokeError: Command raised an exception: ValueError: execv() arg 2 first element cannot be empty
INFO:jonathan_bot:technical triggered by [703959508489207838] at [2026-01-21 23:36:37.795659]
ERROR:discord.ext.commands.bot:Ignoring exception in command technical restart
Traceback (most recent call last):
  File "/home/arinone/Projects/JonathanBot/.venv/lib/python3.12/site-packages/discord/ext/commands/core.py", line 266, in wrapped
    ret = await coro(*args, **kwargs)
          ^^^^^^^^^^^^^^^^^^^^^^^^^^^
  File "/home/arinone/Projects/JonathanBot/main.py", line 115, in restart
    os.execv("./main.py", [""])
ValueError: execv() arg 2 first element cannot be empty

The above exception was the direct cause of the following exception:

Traceback (most recent call last):
  File "/home/arinone/Projects/JonathanBot/.venv/lib/python3.12/site-packages/discord/ext/commands/bot.py", line 1376, in invoke
    await ctx.command.invoke(ctx)
  File "/home/arinone/Projects/JonathanBot/.venv/lib/python3.12/site-packages/discord/ext/commands/core.py", line 1680, in invoke
    await ctx.invoked_subcommand.invoke(ctx)
  File "/home/arinone/Projects/JonathanBot/.venv/lib/python3.12/site-packages/discord/ext/commands/core.py", line 1064, in invoke
    await injected(*ctx.args, **ctx.kwargs)  # type: ignore
    ^^^^^^^^^^^^^^^^^^^^^^^^^^^^^^^^^^^^^^^
  File "/home/arinone/Projects/JonathanBot/.venv/lib/python3.12/site-packages/discord/ext/commands/core.py", line 275, in wrapped
    raise CommandInvokeError(exc) from exc
discord.ext.commands.errors.CommandInvokeError: Command raised an exception: ValueError: execv() arg 2 first element cannot be empty
INFO:jonathan_bot:Jonathan bot script started at [2026-01-21 23:38:14.494711]


WARNING:discord.client:PyNaCl is not installed, voice will NOT be supported
INFO:discord.client:logging in using static token
INFO:discord.gateway:Shard ID None has connected to Gateway (Session ID: ec05cbf1b5f1c22b54254fc2f8260f08).
INFO:jonathan_bot:Bot connected :
INFO:jonathan_bot:User : [Jonathan Bolbynsky#2119]
INFO:jonathan_bot:ID : [1463098594016886969]
INFO:jonathan_bot:technical triggered by [703959508489207838] at [2026-01-21 23:38:56.662136]
ERROR:discord.ext.commands.bot:Ignoring exception in command technical restart
Traceback (most recent call last):
  File "/home/arinone/Projects/JonathanBot/.venv/lib/python3.12/site-packages/discord/ext/commands/core.py", line 266, in wrapped
    ret = await coro(*args, **kwargs)
          ^^^^^^^^^^^^^^^^^^^^^^^^^^^
  File "/home/arinone/Projects/JonathanBot/main.py", line 116, in restart
    os.execv(sys.argv[0], sys.argv)
PermissionError: [Errno 13] Permission denied

The above exception was the direct cause of the following exception:

Traceback (most recent call last):
  File "/home/arinone/Projects/JonathanBot/.venv/lib/python3.12/site-packages/discord/ext/commands/bot.py", line 1376, in invoke
    await ctx.command.invoke(ctx)
  File "/home/arinone/Projects/JonathanBot/.venv/lib/python3.12/site-packages/discord/ext/commands/core.py", line 1680, in invoke
    await ctx.invoked_subcommand.invoke(ctx)
  File "/home/arinone/Projects/JonathanBot/.venv/lib/python3.12/site-packages/discord/ext/commands/core.py", line 1064, in invoke
    await injected(*ctx.args, **ctx.kwargs)  # type: ignore
    ^^^^^^^^^^^^^^^^^^^^^^^^^^^^^^^^^^^^^^^
  File "/home/arinone/Projects/JonathanBot/.venv/lib/python3.12/site-packages/discord/ext/commands/core.py", line 275, in wrapped
    raise CommandInvokeError(exc) from exc
discord.ext.commands.errors.CommandInvokeError: Command raised an exception: PermissionError: [Errno 13] Permission denied
INFO:jonathan_bot:Jonathan bot script started at [2026-01-21 23:41:49.369074]


WARNING:discord.client:PyNaCl is not installed, voice will NOT be supported
INFO:discord.client:logging in using static token
INFO:discord.gateway:Shard ID None has connected to Gateway (Session ID: cb9ba3c085ab3d74d006e8d45803fdc3).
INFO:jonathan_bot:Bot connected :
INFO:jonathan_bot:User : [Jonathan Bolbynsky#2119]
INFO:jonathan_bot:ID : [1463098594016886969]
INFO:jonathan_bot:technical triggered by [703959508489207838] at [2026-01-21 23:42:16.621723]
INFO:jonathan_bot:Jonathan bot script started at [2026-01-21 23:42:17.219599]


WARNING:discord.client:PyNaCl is not installed, voice will NOT be supported
INFO:discord.client:logging in using static token
INFO:discord.gateway:Shard ID None has connected to Gateway (Session ID: b1285024f25dcb67f01aa158485694b2).
INFO:jonathan_bot:Bot connected :
INFO:jonathan_bot:User : [Jonathan Bolbynsky#2119]
INFO:jonathan_bot:ID : [1463098594016886969]
INFO:jonathan_bot:technical triggered by [703959508489207838] at [2026-01-21 23:42:55.387085]
INFO:jonathan_bot:Jonathan bot script started at [2026-01-21 23:42:55.856059]


WARNING:discord.client:PyNaCl is not installed, voice will NOT be supported
INFO:discord.client:logging in using static token
INFO:discord.gateway:Shard ID None has connected to Gateway (Session ID: 956132eabbb80f0b6936552ee638a7f4).
INFO:jonathan_bot:Bot connected :
INFO:jonathan_bot:User : [Jonathan Bolbynsky#2119]
INFO:jonathan_bot:ID : [1463098594016886969]
ERROR:discord.ext.commands.bot:Ignoring exception in command None
discord.ext.commands.errors.CommandNotFound: Command "embedtest" is not found
INFO:jonathan_bot:technical triggered by [703959508489207838] at [2026-01-21 23:43:20.725323]
ERROR:asyncio:Task exception was never retrieved
future: <Task finished name='discord.py: on_message' coro=<Client._run_event() done, defined at /home/arinone/Projects/JonathanBot/.venv/lib/python3.12/site-packages/discord/client.py:496> exception=SystemExit(None)>
Traceback (most recent call last):
  File "/home/arinone/Projects/JonathanBot/main.py", line 123, in <module>
    bot.run(getenv("DISCORD_TOKEN"))
  File "/home/arinone/Projects/JonathanBot/.venv/lib/python3.12/site-packages/discord/client.py", line 929, in run
    asyncio.run(runner())
  File "/usr/lib/python3.12/asyncio/runners.py", line 194, in run
    return runner.run(main)
           ^^^^^^^^^^^^^^^^
  File "/usr/lib/python3.12/asyncio/runners.py", line 118, in run
    return self._loop.run_until_complete(task)
           ^^^^^^^^^^^^^^^^^^^^^^^^^^^^^^^^^^^
  File "/usr/lib/python3.12/asyncio/base_events.py", line 674, in run_until_complete
    self.run_forever()
  File "/usr/lib/python3.12/asyncio/base_events.py", line 641, in run_forever
    self._run_once()
  File "/usr/lib/python3.12/asyncio/base_events.py", line 1987, in _run_once
    handle._run()
  File "/usr/lib/python3.12/asyncio/events.py", line 88, in _run
    self._context.run(self._callback, *self._args)
  File "/home/arinone/Projects/JonathanBot/.venv/lib/python3.12/site-packages/discord/client.py", line 504, in _run_event
    await coro(*args, **kwargs)
  File "/home/arinone/Projects/JonathanBot/.venv/lib/python3.12/site-packages/discord/ext/commands/bot.py", line 1421, in on_message
    await self.process_commands(message)
  File "/home/arinone/Projects/JonathanBot/.venv/lib/python3.12/site-packages/discord/ext/commands/bot.py", line 1418, in process_commands
    await self.invoke(ctx)  # type: ignore
    ^^^^^^^^^^^^^^^^^^^^^^
  File "/home/arinone/Projects/JonathanBot/.venv/lib/python3.12/site-packages/discord/ext/commands/bot.py", line 1376, in invoke
    await ctx.command.invoke(ctx)
  File "/home/arinone/Projects/JonathanBot/.venv/lib/python3.12/site-packages/discord/ext/commands/core.py", line 1680, in invoke
    await ctx.invoked_subcommand.invoke(ctx)
  File "/home/arinone/Projects/JonathanBot/.venv/lib/python3.12/site-packages/discord/ext/commands/core.py", line 1064, in invoke
    await injected(*ctx.args, **ctx.kwargs)  # type: ignore
    ^^^^^^^^^^^^^^^^^^^^^^^^^^^^^^^^^^^^^^^
  File "/home/arinone/Projects/JonathanBot/.venv/lib/python3.12/site-packages/discord/ext/commands/core.py", line 266, in wrapped
    ret = await coro(*args, **kwargs)
          ^^^^^^^^^^^^^^^^^^^^^^^^^^^
  File "/home/arinone/Projects/JonathanBot/main.py", line 106, in sleep
    exit()
  File "<frozen _sitebuiltins>", line 26, in __call__
SystemExit: None
INFO:jonathan_bot:Jonathan bot script started at [2026-01-21 23:46:19.431918]


WARNING:discord.client:PyNaCl is not installed, voice will NOT be supported
INFO:discord.client:logging in using static token
INFO:discord.gateway:Shard ID None has connected to Gateway (Session ID: 5b68a8546b3a4195a9e9e4b1bf64f3f7).
ERROR:discord.client:Ignoring exception in on_ready
Traceback (most recent call last):
  File "/home/arinone/Projects/JonathanBot/.venv/lib/python3.12/site-packages/discord/client.py", line 504, in _run_event
    await coro(*args, **kwargs)
  File "/home/arinone/Projects/JonathanBot/main.py", line 37, in on_ready
    bot.status.value = bot.status.online
                       ^^^^^^^^^^^^^^^^^
AttributeError: '_EnumValue_Status' object has no attribute 'online'
INFO:jonathan_bot:technical triggered by [703959508489207838] at [2026-01-21 23:51:17.807389]
ERROR:discord.ext.commands.bot:Ignoring exception in command technical restart
Traceback (most recent call last):
  File "/home/arinone/Projects/JonathanBot/.venv/lib/python3.12/site-packages/discord/ext/commands/core.py", line 266, in wrapped
    ret = await coro(*args, **kwargs)
          ^^^^^^^^^^^^^^^^^^^^^^^^^^^
  File "/home/arinone/Projects/JonathanBot/main.py", line 118, in restart
    """Makes me restart if sent by Arinone."""
                           ^^^^^^^^^^^^^^^
AttributeError: '_EnumValue_Status' object has no attribute 'idle'

The above exception was the direct cause of the following exception:

Traceback (most recent call last):
  File "/home/arinone/Projects/JonathanBot/.venv/lib/python3.12/site-packages/discord/ext/commands/bot.py", line 1376, in invoke
    await ctx.command.invoke(ctx)
  File "/home/arinone/Projects/JonathanBot/.venv/lib/python3.12/site-packages/discord/ext/commands/core.py", line 1680, in invoke
    await ctx.invoked_subcommand.invoke(ctx)
  File "/home/arinone/Projects/JonathanBot/.venv/lib/python3.12/site-packages/discord/ext/commands/core.py", line 1064, in invoke
    await injected(*ctx.args, **ctx.kwargs)  # type: ignore
    ^^^^^^^^^^^^^^^^^^^^^^^^^^^^^^^^^^^^^^^
  File "/home/arinone/Projects/JonathanBot/.venv/lib/python3.12/site-packages/discord/ext/commands/core.py", line 275, in wrapped
    raise CommandInvokeError(exc) from exc
discord.ext.commands.errors.CommandInvokeError: Command raised an exception: AttributeError: '_EnumValue_Status' object has no attribute 'idle'
INFO:jonathan_bot:Jonathan bot script started at [2026-01-21 23:51:32.411399]


WARNING:discord.client:PyNaCl is not installed, voice will NOT be supported
INFO:discord.client:logging in using static token
INFO:discord.gateway:Shard ID None has connected to Gateway (Session ID: 7f7b9b1986992c8f45c1daf053b9a0af).
INFO:jonathan_bot:Bot connected :
INFO:jonathan_bot:User : [Jonathan Bolbynsky#2119]
INFO:jonathan_bot:ID : [1463098594016886969]
INFO:jonathan_bot:coolness triggered by [703959508489207838] at [2026-01-21 23:53:16.169771] with arg1 [966406337976238131]
INFO:jonathan_bot:coolness triggered by [703959508489207838] at [2026-01-21 23:53:25.354206] with arg1 [966406337976238131]
INFO:jonathan_bot:coolness triggered by [754630919490633760] at [2026-01-21 23:53:45.827264] with arg1 [754630919490633760]
